<?xml version="1.0" encoding="UTF-8"?>
<!-- Generated by org.testng.reporters.JUnitReportReporter -->
<testsuite hostname="MUTHULAPTOP" failures="0" tests="2" name="tetngclasses.AnnotationParameters" time="2.505" errors="0" timestamp="2025-02-03T12:45:42 IST" skipped="0">
  <testcase classname="tetngclasses.AnnotationParameters" name="clickRadio" time="0.171"/>
  <system-out/>
  <testcase classname="tetngclasses.AnnotationParameters" name="alertMe" time="2.334"/>
  <system-out/>
</testsuite> <!-- tetngclasses.AnnotationParameters -->
