<?xml version="1.0" encoding="UTF-8"?>
<!-- Generated by org.testng.reporters.JUnitReportReporter -->
<testsuite hostname="MUTHULAPTOP" failures="0" tests="3" name="tetngclasses.AnnotationParameters" time="20.810" errors="0" timestamp="2025-02-03T15:05:11 IST" skipped="0">
  <testcase classname="tetngclasses.AnnotationParameters" name="clickRadio" time="2.216"/>
  <system-out/>
  <testcase classname="tetngclasses.AnnotationParameters" name="anotherAlert" time="9.332"/>
  <system-out/>
  <testcase classname="tetngclasses.AnnotationParameters" name="alertMe" time="9.262"/>
  <system-out/>
</testsuite> <!-- tetngclasses.AnnotationParameters -->
