<?xml version="1.0" encoding="UTF-8"?>
<!-- Generated by org.testng.reporters.JUnitReportReporter -->
<testsuite hostname="MUTHULAPTOP" failures="0" tests="1" name="tetngclasses.SeleniumTest" time="9.886" errors="0" timestamp="2025-01-31T12:12:04 IST" skipped="0">
  <testcase classname="tetngclasses.SeleniumTest" name="test" time="9.886"/>
  <system-out/>
</testsuite> <!-- tetngclasses.SeleniumTest -->
