<?xml version="1.0" encoding="UTF-8"?>
<!-- Generated by org.testng.reporters.JUnitReportReporter -->
<testsuite hostname="MUTHULAPTOP" failures="0" tests="4" name="tetngclasses.TestNGAnnotations" time="6.834" errors="0" timestamp="2025-01-31T15:22:13 IST" skipped="0">
  <testcase classname="tetngclasses.TestNGAnnotations" name="usingTestDataProvider" time="1.472"/>
  <system-out>
    <![CDATA[Data Provier for this test method: Nonsense]]>
  </system-out>
  <testcase classname="tetngclasses.TestNGAnnotations" name="testPageTitle" time="1.592"/>
  <system-out>
    <![CDATA[Title fetched successfully]]>
  </system-out>
  <testcase classname="tetngclasses.TestNGAnnotations" name="usingTestDataProvider" time="2.139"/>
  <system-out>
    <![CDATA[Data Provier for this test method: Name]]>
  </system-out>
  <testcase classname="tetngclasses.TestNGAnnotations" name="clickButton" time="1.631"/>
  <system-out>
    <![CDATA[Button Clicked successfully]]>
  </system-out>
</testsuite> <!-- tetngclasses.TestNGAnnotations -->
