<?xml version="1.0" encoding="UTF-8"?>
<!-- Generated by org.testng.reporters.JUnitReportReporter -->
<testsuite hostname="MUTHULAPTOP" failures="0" tests="1" name="testngclasses.GoogleTest" time="10.718" errors="0" timestamp="2025-02-05T09:18:31 IST" skipped="0">
  <testcase classname="testngclasses.GoogleTest" name="searchGoogle" time="10.718"/>
  <system-out>
    <![CDATA[Google Test | Browser: ChromeDriver: chrome on windows (a75650a18602c9788278d982c9268ed5) | Title: https://www.google.com/search?q=TestNG+Parallel+Execution&sca_esv=b71b87a039ad9bf1&source=hp&ei=iN-iZ87oOtnuseMP86u0cQ&iflsig=ACkRmUkAAAAAZ6LtmP4JpPBHjZBaBfdS375li-jCuc13&sei=i9-iZ_qxCtiRseMP8LSQ4Qo]]>
  </system-out>
</testsuite> <!-- testngclasses.GoogleTest -->
