<?xml version="1.0" encoding="UTF-8"?>
<!-- Generated by org.testng.reporters.JUnitReportReporter -->
<testsuite hostname="MUTHULAPTOP" failures="0" tests="2" name="testngclasses.BookTicket" time="15.395" errors="0" timestamp="2025-02-03T17:36:08 IST" skipped="1">
  <testcase classname="testngclasses.BookTicket" name="searchForTrains" time="15.395"/>
  <system-out/>
  <testcase classname="testngclasses.BookTicket" name="searchTrains">
    <skipped/>
  </testcase> <!-- searchTrains -->
  <system-out/>
</testsuite> <!-- testngclasses.BookTicket -->
