<?xml version="1.0" encoding="UTF-8"?>
<!-- Generated by org.testng.reporters.JUnitReportReporter -->
<testsuite hostname="MUTHULAPTOP" failures="0" tests="3" name="testngclasses.SearchTest" time="39.292" errors="0" timestamp="2025-02-05T09:07:11 IST" skipped="0">
  <testcase classname="testngclasses.SearchTest" name="searchGoogle" time="13.376"/>
  <system-out>
    <![CDATA[Browser: FirefoxDriver: firefox on windows (72a9eec4-65f6-4246-b23a-8d23cc012112) | Search Term: TestNG Cross Browser Execution | Title: Google]]>
  </system-out>
  <testcase classname="testngclasses.SearchTest" name="searchGoogle" time="12.339"/>
  <system-out>
    <![CDATA[Browser: ChromeDriver: chrome on windows (8f3b0ee4ff7c3fc2905bc7711de5e99a) | Search Term: Selenium WebDriver | Title: https://www.google.com/search?q=Selenium+WebDriver&sca_esv=b71b87a039ad9bf1&source=hp&ei=3tyiZ_T6Lf6PseMPzoutkQs&iflsig=ACkRmUkAAAAAZ6Lq7h6lC1bgyHLVBqyjumiItkUqvrj9&sei=4dyiZ-msKqP3seMPybCe2QE]]>
  </system-out>
  <testcase classname="testngclasses.SearchTest" name="searchGoogle" time="13.577"/>
  <system-out>
    <![CDATA[Browser: EdgeDriver: MicrosoftEdge on windows (bdb5d977e2849b5b1520317889459028) | Search Term: Cross Browser Testing | Title: Google Search]]>
  </system-out>
</testsuite> <!-- testngclasses.SearchTest -->
