<?xml version="1.0" encoding="UTF-8"?>
<!-- Generated by org.testng.reporters.JUnitReportReporter -->
<testsuite hostname="MUTHULAPTOP" failures="0" tests="1" name="testngclasses.BookTicket" time="28.393" errors="0" timestamp="2025-02-05T13:32:13 IST" skipped="0">
  <testcase classname="testngclasses.BookTicket" name="loginToApp" time="28.393"/>
  <system-out/>
</testsuite> <!-- testngclasses.BookTicket -->
