<?xml version="1.0" encoding="UTF-8"?>
<!-- Generated by org.testng.reporters.JUnitReportReporter -->
<testsuite hostname="MUTHULAPTOP" failures="0" tests="1" name="testngclasses.BookTicket" time="27.532" errors="0" timestamp="2025-02-04T17:30:27 IST" skipped="0">
  <testcase classname="testngclasses.BookTicket" name="loginToApp" time="27.532"/>
  <system-out/>
</testsuite> <!-- testngclasses.BookTicket -->
