<?xml version="1.0" encoding="UTF-8"?>
<!-- Generated by org.testng.reporters.JUnitReportReporter -->
<testsuite hostname="MUTHULAPTOP" failures="0" tests="1" name="testngclasses.BingSearch" time="11.965" errors="0" timestamp="2025-02-05T10:40:53 IST" skipped="0">
  <testcase classname="testngclasses.BingSearch" name="bingSearch" time="11.965"/>
  <system-out>
    <![CDATA[Browser:ChromeDriver: chrome on windows (35cbf51d8cf3d2e99a1c388c01bde6e5) | Page Title: Selenium - Search]]>
  </system-out>
</testsuite> <!-- testngclasses.BingSearch -->
