<?xml version="1.0" encoding="UTF-8"?>
<!-- Generated by org.testng.reporters.JUnitReportReporter -->
<testsuite hostname="MUTHULAPTOP" failures="0" tests="1" name="testngclasses.BingTest" time="11.102" errors="0" timestamp="2025-02-05T09:18:31 IST" skipped="0">
  <testcase classname="testngclasses.BingTest" name="searchBing" time="11.102"/>
  <system-out>
    <![CDATA[Bing Test | Browser: FirefoxDriver: firefox on windows (2c82d7b5-3d63-414c-93cc-c3eaf2e72491) | Title: Search - Microsoft Bing]]>
  </system-out>
</testsuite> <!-- testngclasses.BingTest -->
