<?xml version="1.0" encoding="UTF-8"?>
<!-- Generated by org.testng.reporters.JUnitReportReporter -->
<testsuite hostname="MUTHULAPTOP" failures="0" tests="1" name="testngclasses.Cross" time="14.010" errors="0" timestamp="2025-02-05T10:40:53 IST" skipped="0">
  <testcase classname="testngclasses.Cross" name="googleSearch" time="14.010"/>
  <system-out>
    <![CDATA[Browser:ChromeDriver: chrome on windows (fc459b5378db3d9d4ceaf4899a8022e8) | Page Title: https://www.google.com/search?q=Java23&sca_esv=664f7e6c30f8a07c&source=hp&ei=1PKiZ423EtKTseMP0PeYwAc&iflsig=ACkRmUkAAAAAZ6MA5FVR-saGS3bDVun2rVRej4zEboGl&sei=1_KiZ83OJ87hseMPgMaJmAQ]]>
  </system-out>
</testsuite> <!-- testngclasses.Cross -->
