<?xml version="1.0" encoding="UTF-8"?>
<!-- Generated by org.testng.reporters.JUnitReportReporter -->
<testsuite hostname="MUTHULAPTOP" failures="0" tests="1" name="tests.IxigoCheck" time="10.784" errors="0" timestamp="2025-02-11T08:59:29 IST" skipped="0">
  <testcase classname="tests.IxigoCheck" name="init" time="10.784"/>
</testsuite> <!-- tests.IxigoCheck -->
